<?xml version="1.0" encoding="UTF-8"?>
<!-- Generated by org.testng.reporters.JUnitXMLReporter -->
<testsuite ignored="0" hostname="AayushPC" failures="0" tests="3" name="API Tests" time="1.858" errors="0" timestamp="2025-04-08T16:12:58 EDT">
  <testcase classname="com.example.api.ApiTest" name="testAllPosts" time="1.601"/>
  <testcase classname="com.example.api.ApiTest" name="testGetRequest" time="0.064"/>
  <testcase classname="com.example.api.ApiTest" name="testPostRequest" time="0.156"/>
</testsuite> <!-- API Tests -->
