<?xml version="1.0" encoding="UTF-8"?>
<!-- Generated by org.testng.reporters.JUnitXMLReporter -->
<testsuite ignored="2" hostname="AayushPC" failures="0" tests="1" name="Default test" time="1.731" errors="0" timestamp="2025-04-08T16:15:24 EDT">
  <testcase classname="com.example.api.ApiTest" name="testAllPosts" time="1.7"/>
  <testcase classname="com.example.api.ApiTest" name="testGetRequest" time="0.0">
    <ignored/>
  </testcase> <!-- testGetRequest -->
  <testcase classname="com.example.api.ApiTest" name="testPostRequest" time="0.0">
    <ignored/>
  </testcase> <!-- testPostRequest -->
</testsuite> <!-- Default test -->
