<?xml version="1.0" encoding="UTF-8"?>
<testng-results ignored="2" total="3" passed="1" failed="0" skipped="0">
  <reporter-output>
  </reporter-output>
  <suite started-at="2025-04-08T16:15:22 EDT" name="Default suite" finished-at="2025-04-08T16:15:24 EDT" duration-ms="1731">
    <groups>
    </groups>
    <test started-at="2025-04-08T16:15:22 EDT" name="Default test" finished-at="2025-04-08T16:15:24 EDT" duration-ms="1731">
      <class name="com.example.api.ApiTest">
        <test-method signature="testAllPosts()[pri:0, instance:com.example.api.ApiTest@6c130c45]" started-at="2025-04-08T16:15:22 EDT" name="testAllPosts" finished-at="2025-04-08T16:15:24 EDT" duration-ms="1700" status="PASS">
          <reporter-output>
          </reporter-output>
        </test-method> <!-- testAllPosts -->
      </class> <!-- com.example.api.ApiTest -->
    </test> <!-- Default test -->
  </suite> <!-- Default suite -->
</testng-results>
